2023-08-17 20:16:14,587 INFO org.springframework.boot.StartupInfoLogger [main] Starting SchedulerApplication using Java 17.0.6 on arkady-PC with PID 9588 (C:\projects\scheduler\target\classes started by arkady in C:\projects\scheduler)
2023-08-17 20:16:14,592 DEBUG org.springframework.boot.StartupInfoLogger [main] Running with Spring Boot v2.7.5, Spring v5.3.23
2023-08-17 20:16:14,593 INFO org.springframework.boot.SpringApplication [main] The following 1 profile is active: "test"
2023-08-17 20:16:16,049 INFO org.springframework.data.repository.config.RepositoryConfigurationDelegate [main] Bootstrapping Spring Data JPA repositories in DEFAULT mode.
2023-08-17 20:16:16,241 INFO org.springframework.data.repository.config.RepositoryConfigurationDelegate [main] Finished Spring Data repository scanning in 169 ms. Found 11 JPA repository interfaces.
2023-08-17 20:16:18,678 INFO org.springframework.boot.web.embedded.tomcat.TomcatWebServer [main] Tomcat initialized with port(s): 9988 (http)
2023-08-17 20:16:18,705 INFO org.apache.juli.logging.DirectJDKLog [main] Initializing ProtocolHandler ["http-nio-9988"]
2023-08-17 20:16:18,708 INFO org.apache.juli.logging.DirectJDKLog [main] Starting service [Tomcat]
2023-08-17 20:16:18,709 INFO org.apache.juli.logging.DirectJDKLog [main] Starting Servlet engine: [Apache Tomcat/9.0.68]
2023-08-17 20:16:19,145 INFO org.apache.juli.logging.DirectJDKLog [main] Initializing Spring embedded WebApplicationContext
2023-08-17 20:16:19,146 INFO org.springframework.boot.web.servlet.context.ServletWebServerApplicationContext [main] Root WebApplicationContext: initialization completed in 4295 ms
2023-08-17 20:16:19,228 INFO com.zaxxer.hikari.HikariDataSource [main] HikariPool-1 - Starting...
2023-08-17 20:16:19,904 INFO com.zaxxer.hikari.HikariDataSource [main] HikariPool-1 - Start completed.
2023-08-17 20:16:19,935 INFO org.springframework.boot.autoconfigure.h2.H2ConsoleAutoConfiguration [main] H2 console available at '/h2-console'. Database available at 'jdbc:h2:mem:testdb'
2023-08-17 20:16:20,509 INFO org.hibernate.jpa.internal.util.LogHelper [main] HHH000204: Processing PersistenceUnitInfo [name: default]
2023-08-17 20:16:20,659 INFO org.hibernate.Version [main] HHH000412: Hibernate ORM core version 5.6.12.Final
2023-08-17 20:16:21,068 INFO org.hibernate.annotations.common.reflection.java.JavaReflectionManager [main] HCANN000001: Hibernate Commons Annotations {5.1.2.Final}
2023-08-17 20:16:21,461 INFO org.hibernate.dialect.Dialect [main] HHH000400: Using dialect: org.hibernate.dialect.H2Dialect
2023-08-17 20:16:22,750 INFO org.hibernate.tuple.PojoInstantiator [main] HHH000182: No default (no-argument) constructor for class: com.modern.office.scheduler.domain.Insurance (class must be instantiated by Interceptor)
2023-08-17 20:16:23,016 INFO org.hibernate.engine.transaction.jta.platform.internal.JtaPlatformInitiator [main] HHH000490: Using JtaPlatform implementation: [org.hibernate.engine.transaction.jta.platform.internal.NoJtaPlatform]
2023-08-17 20:16:23,030 INFO org.springframework.orm.jpa.AbstractEntityManagerFactoryBean [main] Initialized JPA EntityManagerFactory for persistence unit 'default'
2023-08-17 20:16:25,792 INFO org.springframework.security.web.DefaultSecurityFilterChain [main] Will secure any request with [org.springframework.security.web.session.DisableEncodeUrlFilter@72b60be8, org.springframework.security.web.context.request.async.WebAsyncManagerIntegrationFilter@6f254d79, org.springframework.security.web.context.SecurityContextPersistenceFilter@5f80b25a, org.springframework.security.web.header.HeaderWriterFilter@2643c33f, org.springframework.security.web.authentication.logout.LogoutFilter@7a2b3cfd, org.springframework.security.web.authentication.www.BasicAuthenticationFilter@6f7e5e11, org.springframework.security.web.savedrequest.RequestCacheAwareFilter@59d6a4d1, org.springframework.security.web.servletapi.SecurityContextHolderAwareRequestFilter@5b476930, org.springframework.security.web.authentication.AnonymousAuthenticationFilter@589cc8eb, org.springframework.security.web.session.SessionManagementFilter@3fe7c87c, org.springframework.security.web.access.ExceptionTranslationFilter@baf87a5, org.springframework.security.web.access.intercept.FilterSecurityInterceptor@6a0d47e8]
2023-08-17 20:16:26,062 WARN org.springframework.boot.autoconfigure.orm.jpa.JpaBaseConfiguration$JpaWebConfiguration [main] spring.jpa.open-in-view is enabled by default. Therefore, database queries may be performed during view rendering. Explicitly configure spring.jpa.open-in-view to disable this warning
2023-08-17 20:16:26,329 DEBUG org.springframework.web.servlet.mvc.method.annotation.RequestMappingHandlerAdapter [main] ControllerAdvice beans: 0 @ModelAttribute, 0 @InitBinder, 1 RequestBodyAdvice, 1 ResponseBodyAdvice
2023-08-17 20:16:26,598 DEBUG org.springframework.web.servlet.handler.AbstractHandlerMethodMapping [main] 32 mappings in 'requestMappingHandlerMapping'
2023-08-17 20:16:26,616 DEBUG org.springframework.web.servlet.handler.AbstractDetectingUrlHandlerMapping [main] Detected 1 mappings in 'beanNameHandlerMapping'
2023-08-17 20:16:28,520 DEBUG org.springframework.web.servlet.handler.SimpleUrlHandlerMapping [main] Patterns [/webjars/**, /**, /swagger-ui*/**] in 'resourceHandlerMapping'
2023-08-17 20:16:28,547 DEBUG org.springframework.web.servlet.mvc.method.annotation.ExceptionHandlerExceptionResolver [main] ControllerAdvice beans: 1 @ExceptionHandler, 1 ResponseBodyAdvice
2023-08-17 20:16:28,902 INFO org.apache.juli.logging.DirectJDKLog [main] Starting ProtocolHandler ["http-nio-9988"]
2023-08-17 20:16:28,944 INFO org.springframework.boot.web.embedded.tomcat.TomcatWebServer [main] Tomcat started on port(s): 9988 (http) with context path ''
2023-08-17 20:16:28,978 INFO org.springframework.boot.StartupInfoLogger [main] Started SchedulerApplication in 15.368 seconds (JVM running for 16.515)
2023-08-17 20:16:45,314 INFO org.springframework.boot.StartupInfoLogger [main] Starting SchedulerApplication using Java 17.0.6 on arkady-PC with PID 13848 (C:\projects\scheduler\target\classes started by arkady in C:\projects\scheduler)
2023-08-17 20:16:45,324 DEBUG org.springframework.boot.StartupInfoLogger [main] Running with Spring Boot v2.7.5, Spring v5.3.23
2023-08-17 20:16:45,325 INFO org.springframework.boot.SpringApplication [main] The following 1 profile is active: "test"
2023-08-17 20:16:46,671 INFO org.springframework.data.repository.config.RepositoryConfigurationDelegate [main] Bootstrapping Spring Data JPA repositories in DEFAULT mode.
2023-08-17 20:16:47,074 INFO org.springframework.data.repository.config.RepositoryConfigurationDelegate [main] Finished Spring Data repository scanning in 382 ms. Found 11 JPA repository interfaces.
2023-08-17 20:16:49,143 INFO org.springframework.boot.web.embedded.tomcat.TomcatWebServer [main] Tomcat initialized with port(s): 9988 (http)
2023-08-17 20:16:49,162 INFO org.apache.juli.logging.DirectJDKLog [main] Initializing ProtocolHandler ["http-nio-9988"]
2023-08-17 20:16:49,164 INFO org.apache.juli.logging.DirectJDKLog [main] Starting service [Tomcat]
2023-08-17 20:16:49,166 INFO org.apache.juli.logging.DirectJDKLog [main] Starting Servlet engine: [Apache Tomcat/9.0.68]
2023-08-17 20:16:49,512 INFO org.apache.juli.logging.DirectJDKLog [main] Initializing Spring embedded WebApplicationContext
2023-08-17 20:16:49,513 INFO org.springframework.boot.web.servlet.context.ServletWebServerApplicationContext [main] Root WebApplicationContext: initialization completed in 4041 ms
2023-08-17 20:16:49,596 INFO com.zaxxer.hikari.HikariDataSource [main] HikariPool-1 - Starting...
2023-08-17 20:16:50,066 INFO com.zaxxer.hikari.HikariDataSource [main] HikariPool-1 - Start completed.
2023-08-17 20:16:50,096 INFO org.springframework.boot.autoconfigure.h2.H2ConsoleAutoConfiguration [main] H2 console available at '/h2-console'. Database available at 'jdbc:h2:mem:testdb'
2023-08-17 20:16:50,602 INFO org.hibernate.jpa.internal.util.LogHelper [main] HHH000204: Processing PersistenceUnitInfo [name: default]
2023-08-17 20:16:50,720 INFO org.hibernate.Version [main] HHH000412: Hibernate ORM core version 5.6.12.Final
2023-08-17 20:16:51,038 INFO org.hibernate.annotations.common.reflection.java.JavaReflectionManager [main] HCANN000001: Hibernate Commons Annotations {5.1.2.Final}
2023-08-17 20:16:51,273 INFO org.hibernate.dialect.Dialect [main] HHH000400: Using dialect: org.hibernate.dialect.H2Dialect
2023-08-17 20:16:52,677 INFO org.hibernate.tuple.PojoInstantiator [main] HHH000182: No default (no-argument) constructor for class: com.modern.office.scheduler.domain.Insurance (class must be instantiated by Interceptor)
2023-08-17 20:16:52,956 INFO org.hibernate.engine.transaction.jta.platform.internal.JtaPlatformInitiator [main] HHH000490: Using JtaPlatform implementation: [org.hibernate.engine.transaction.jta.platform.internal.NoJtaPlatform]
2023-08-17 20:16:52,980 INFO org.springframework.orm.jpa.AbstractEntityManagerFactoryBean [main] Initialized JPA EntityManagerFactory for persistence unit 'default'
2023-08-17 20:16:55,948 INFO org.springframework.security.web.DefaultSecurityFilterChain [main] Will secure any request with [org.springframework.security.web.session.DisableEncodeUrlFilter@4a4352b4, org.springframework.security.web.context.request.async.WebAsyncManagerIntegrationFilter@540ac21e, org.springframework.security.web.context.SecurityContextPersistenceFilter@112f8f8f, org.springframework.security.web.header.HeaderWriterFilter@37d50217, org.springframework.security.web.authentication.logout.LogoutFilter@513fb873, org.springframework.security.web.authentication.www.BasicAuthenticationFilter@b22bebc, org.springframework.security.web.savedrequest.RequestCacheAwareFilter@11703cc8, org.springframework.security.web.servletapi.SecurityContextHolderAwareRequestFilter@6ade4ac6, org.springframework.security.web.authentication.AnonymousAuthenticationFilter@d640fe6, org.springframework.security.web.session.SessionManagementFilter@1c294a17, org.springframework.security.web.access.ExceptionTranslationFilter@44b99467, org.springframework.security.web.access.intercept.FilterSecurityInterceptor@1b72f9a]
2023-08-17 20:16:56,275 WARN org.springframework.boot.autoconfigure.orm.jpa.JpaBaseConfiguration$JpaWebConfiguration [main] spring.jpa.open-in-view is enabled by default. Therefore, database queries may be performed during view rendering. Explicitly configure spring.jpa.open-in-view to disable this warning
2023-08-17 20:16:56,454 DEBUG org.springframework.web.servlet.mvc.method.annotation.RequestMappingHandlerAdapter [main] ControllerAdvice beans: 0 @ModelAttribute, 0 @InitBinder, 1 RequestBodyAdvice, 1 ResponseBodyAdvice
2023-08-17 20:16:56,660 DEBUG org.springframework.web.servlet.handler.AbstractHandlerMethodMapping [main] 32 mappings in 'requestMappingHandlerMapping'
2023-08-17 20:16:56,697 DEBUG org.springframework.web.servlet.handler.AbstractDetectingUrlHandlerMapping [main] Detected 1 mappings in 'beanNameHandlerMapping'
2023-08-17 20:16:58,831 DEBUG org.springframework.web.servlet.handler.SimpleUrlHandlerMapping [main] Patterns [/webjars/**, /**, /swagger-ui*/**] in 'resourceHandlerMapping'
2023-08-17 20:16:58,864 DEBUG org.springframework.web.servlet.mvc.method.annotation.ExceptionHandlerExceptionResolver [main] ControllerAdvice beans: 1 @ExceptionHandler, 1 ResponseBodyAdvice
2023-08-17 20:16:59,312 INFO org.apache.juli.logging.DirectJDKLog [main] Starting ProtocolHandler ["http-nio-9988"]
2023-08-17 20:16:59,368 INFO org.springframework.boot.web.embedded.tomcat.TomcatWebServer [main] Tomcat started on port(s): 9988 (http) with context path ''
2023-08-17 20:16:59,405 INFO org.springframework.boot.StartupInfoLogger [main] Started SchedulerApplication in 15.025 seconds (JVM running for 16.369)
2023-08-17 20:22:49,214 INFO org.springframework.boot.StartupInfoLogger [main] Starting SchedulerApplication using Java 17.0.6 on arkady-PC with PID 7248 (C:\projects\scheduler\target\classes started by arkady in C:\projects\scheduler)
2023-08-17 20:22:49,221 DEBUG org.springframework.boot.StartupInfoLogger [main] Running with Spring Boot v2.7.5, Spring v5.3.23
2023-08-17 20:22:49,222 INFO org.springframework.boot.SpringApplication [main] The following 1 profile is active: "test"
2023-08-17 20:22:50,591 INFO org.springframework.data.repository.config.RepositoryConfigurationDelegate [main] Bootstrapping Spring Data JPA repositories in DEFAULT mode.
2023-08-17 20:22:50,762 INFO org.springframework.data.repository.config.RepositoryConfigurationDelegate [main] Finished Spring Data repository scanning in 156 ms. Found 11 JPA repository interfaces.
2023-08-17 20:22:52,705 INFO org.springframework.boot.web.embedded.tomcat.TomcatWebServer [main] Tomcat initialized with port(s): 9988 (http)
2023-08-17 20:22:52,725 INFO org.apache.juli.logging.DirectJDKLog [main] Initializing ProtocolHandler ["http-nio-9988"]
2023-08-17 20:22:52,727 INFO org.apache.juli.logging.DirectJDKLog [main] Starting service [Tomcat]
2023-08-17 20:22:52,728 INFO org.apache.juli.logging.DirectJDKLog [main] Starting Servlet engine: [Apache Tomcat/9.0.68]
2023-08-17 20:22:53,138 INFO org.apache.juli.logging.DirectJDKLog [main] Initializing Spring embedded WebApplicationContext
2023-08-17 20:22:53,139 INFO org.springframework.boot.web.servlet.context.ServletWebServerApplicationContext [main] Root WebApplicationContext: initialization completed in 3768 ms
2023-08-17 20:22:53,244 INFO com.zaxxer.hikari.HikariDataSource [main] HikariPool-1 - Starting...
2023-08-17 20:22:53,820 INFO com.zaxxer.hikari.HikariDataSource [main] HikariPool-1 - Start completed.
2023-08-17 20:22:53,854 INFO org.springframework.boot.autoconfigure.h2.H2ConsoleAutoConfiguration [main] H2 console available at '/h2-console'. Database available at 'jdbc:h2:mem:testdb'
2023-08-17 20:22:54,390 INFO org.hibernate.jpa.internal.util.LogHelper [main] HHH000204: Processing PersistenceUnitInfo [name: default]
2023-08-17 20:22:54,498 INFO org.hibernate.Version [main] HHH000412: Hibernate ORM core version 5.6.12.Final
2023-08-17 20:22:54,874 INFO org.hibernate.annotations.common.reflection.java.JavaReflectionManager [main] HCANN000001: Hibernate Commons Annotations {5.1.2.Final}
2023-08-17 20:22:55,112 INFO org.hibernate.dialect.Dialect [main] HHH000400: Using dialect: org.hibernate.dialect.H2Dialect
2023-08-17 20:22:56,375 INFO org.hibernate.tuple.PojoInstantiator [main] HHH000182: No default (no-argument) constructor for class: com.modern.office.scheduler.domain.Insurance (class must be instantiated by Interceptor)
2023-08-17 20:22:57,626 INFO org.hibernate.engine.transaction.jta.platform.internal.JtaPlatformInitiator [main] HHH000490: Using JtaPlatform implementation: [org.hibernate.engine.transaction.jta.platform.internal.NoJtaPlatform]
2023-08-17 20:22:57,649 INFO org.springframework.orm.jpa.AbstractEntityManagerFactoryBean [main] Initialized JPA EntityManagerFactory for persistence unit 'default'
2023-08-17 20:23:00,506 INFO org.springframework.security.web.DefaultSecurityFilterChain [main] Will secure any request with [org.springframework.security.web.session.DisableEncodeUrlFilter@3f3abe67, org.springframework.security.web.context.request.async.WebAsyncManagerIntegrationFilter@64f1e9f8, org.springframework.security.web.context.SecurityContextPersistenceFilter@7a2b3cfd, org.springframework.security.web.header.HeaderWriterFilter@1df60140, org.springframework.security.web.authentication.logout.LogoutFilter@36299b83, org.springframework.security.web.authentication.www.BasicAuthenticationFilter@739500b8, org.springframework.security.web.savedrequest.RequestCacheAwareFilter@3638120f, org.springframework.security.web.servletapi.SecurityContextHolderAwareRequestFilter@7bf3bf2e, org.springframework.security.web.authentication.AnonymousAuthenticationFilter@d3929ba, org.springframework.security.web.session.SessionManagementFilter@78762e87, org.springframework.security.web.access.ExceptionTranslationFilter@4446e1d9, org.springframework.security.web.access.intercept.FilterSecurityInterceptor@5f1bd673]
2023-08-17 20:23:00,816 WARN org.springframework.boot.autoconfigure.orm.jpa.JpaBaseConfiguration$JpaWebConfiguration [main] spring.jpa.open-in-view is enabled by default. Therefore, database queries may be performed during view rendering. Explicitly configure spring.jpa.open-in-view to disable this warning
2023-08-17 20:23:00,999 DEBUG org.springframework.web.servlet.mvc.method.annotation.RequestMappingHandlerAdapter [main] ControllerAdvice beans: 0 @ModelAttribute, 0 @InitBinder, 1 RequestBodyAdvice, 1 ResponseBodyAdvice
2023-08-17 20:23:01,226 DEBUG org.springframework.web.servlet.handler.AbstractHandlerMethodMapping [main] 32 mappings in 'requestMappingHandlerMapping'
2023-08-17 20:23:01,245 DEBUG org.springframework.web.servlet.handler.AbstractDetectingUrlHandlerMapping [main] Detected 1 mappings in 'beanNameHandlerMapping'
2023-08-17 20:23:03,462 DEBUG org.springframework.web.servlet.handler.SimpleUrlHandlerMapping [main] Patterns [/webjars/**, /**, /swagger-ui*/**] in 'resourceHandlerMapping'
2023-08-17 20:23:03,508 DEBUG org.springframework.web.servlet.mvc.method.annotation.ExceptionHandlerExceptionResolver [main] ControllerAdvice beans: 1 @ExceptionHandler, 1 ResponseBodyAdvice
2023-08-17 20:23:03,948 INFO org.apache.juli.logging.DirectJDKLog [main] Starting ProtocolHandler ["http-nio-9988"]
2023-08-17 20:23:03,996 INFO org.springframework.boot.web.embedded.tomcat.TomcatWebServer [main] Tomcat started on port(s): 9988 (http) with context path ''
2023-08-17 20:23:04,043 INFO org.springframework.boot.StartupInfoLogger [main] Started SchedulerApplication in 15.967 seconds (JVM running for 17.052)
2023-08-17 20:23:24,219 INFO org.apache.juli.logging.DirectJDKLog [http-nio-9988-exec-1] Initializing Spring DispatcherServlet 'dispatcherServlet'
2023-08-17 20:23:24,220 INFO org.springframework.web.servlet.FrameworkServlet [http-nio-9988-exec-1] Initializing Servlet 'dispatcherServlet'
2023-08-17 20:23:24,221 DEBUG org.springframework.web.servlet.DispatcherServlet [http-nio-9988-exec-1] Detected StandardServletMultipartResolver
2023-08-17 20:23:24,221 DEBUG org.springframework.web.servlet.DispatcherServlet [http-nio-9988-exec-1] Detected AcceptHeaderLocaleResolver
2023-08-17 20:23:24,221 DEBUG org.springframework.web.servlet.DispatcherServlet [http-nio-9988-exec-1] Detected FixedThemeResolver
2023-08-17 20:23:24,250 DEBUG org.springframework.web.servlet.DispatcherServlet [http-nio-9988-exec-1] Detected org.springframework.web.servlet.view.DefaultRequestToViewNameTranslator@58052571
2023-08-17 20:23:24,253 DEBUG org.springframework.web.servlet.DispatcherServlet [http-nio-9988-exec-1] Detected org.springframework.web.servlet.support.SessionFlashMapManager@3a3f1703
2023-08-17 20:23:24,253 DEBUG org.springframework.web.servlet.FrameworkServlet [http-nio-9988-exec-1] enableLoggingRequestDetails='false': request parameters and headers will be masked to prevent unsafe logging of potentially sensitive data
2023-08-17 20:23:24,254 INFO org.springframework.web.servlet.FrameworkServlet [http-nio-9988-exec-1] Completed initialization in 33 ms
2023-08-17 20:23:24,301 DEBUG org.springframework.core.log.LogFormatUtils [http-nio-9988-exec-1] POST "/reply", parameters={}
2023-08-17 20:23:24,315 DEBUG org.springframework.web.servlet.handler.AbstractHandlerMapping [http-nio-9988-exec-1] Mapped to com.modern.office.sns.SnsController#acceptReply(String)
2023-08-17 20:23:24,361 DEBUG org.springframework.core.log.LogFormatUtils [http-nio-9988-exec-1] Read "text/plain;charset=UTF-8" to ["{"originationNumber":"+16469124975","destinationNumber":"+18665085287","messageKeyword":"KEYWORD_622 (truncated)..."]
2023-08-17 20:23:24,373 INFO com.modern.office.sns.SnsController [http-nio-9988-exec-1] Received: {"originationNumber":"+16469124975","destinationNumber":"+18665085287","messageKeyword":"KEYWORD_622853243487","messageBody":"1","previousPublishedMessageId":"0039c058-314e-540a-aba5-9d0f4501cf2e","inboundMessageId":"30418b35-d32a-4350-a059-9701eedfea5d"}
2023-08-17 20:23:24,443 INFO com.modern.office.sns.SnsService [http-nio-9988-exec-1] Updating appointment for phone +16469124975 with reply 1
2023-08-17 20:23:24,575 DEBUG org.hibernate.engine.jdbc.spi.SqlStatementLogger [http-nio-9988-exec-1] select appointmen0_.appt_no as appt_no1_1_, appointmen0_.appt_address as appt_add2_1_, appointmen0_.appt_cancel_ind as appt_can3_1_, appointmen0_.appt_color as appt_col4_1_, appointmen0_.appt_confirmed_ind as appt_con5_1_, appointmen0_.appt_date as appt_dat6_1_, appointmen0_.appt_dayofweek as appt_day7_1_, appointmen0_.appt_deleted_ind as appt_del8_1_, appointmen0_.appt_end_time as appt_end9_1_, appointmen0_.appt_left_msg_ind as appt_le10_1_, appointmen0_.appt_name as appt_na11_1_, appointmen0_.appt_new_pat_ind as appt_ne12_1_, appointmen0_.appt_no_answer_ind as appt_no13_1_, appointmen0_.appt_notes as appt_no14_1_, appointmen0_.appt_phone as appt_ph15_1_, appointmen0_.appt_show_ind as appt_sh16_1_, appointmen0_.appt_start_time as appt_st17_1_, appointmen0_.ins_no as ins_no18_1_, appointmen0_.locationid as locatio19_1_, appointmen0_.appt_om_no as appt_om20_1_, appointmen0_.pro_no as pro_no21_1_, appointmen0_.serv_no as serv_no22_1_ from appsch_appointment appointmen0_ where appointmen0_.appt_date between ? and ?
2023-08-17 20:23:24,696 DEBUG org.springframework.web.servlet.mvc.method.annotation.AbstractMessageConverterMethodProcessor [http-nio-9988-exec-1] Using 'text/plain', given [*/*] and supported [text/plain, */*, text/plain, */*, application/json, application/*+json, application/json, application/*+json]
2023-08-17 20:23:24,699 DEBUG org.springframework.core.log.LogFormatUtils [http-nio-9988-exec-1] Writing ["ok"]
2023-08-17 20:23:24,713 DEBUG org.springframework.web.servlet.FrameworkServlet [http-nio-9988-exec-1] Completed 200 OK
2023-08-17 20:24:48,817 INFO org.springframework.boot.StartupInfoLogger [main] Starting SchedulerApplication using Java 17.0.6 on arkady-PC with PID 8108 (C:\projects\scheduler\target\classes started by arkady in C:\projects\scheduler)
2023-08-17 20:24:48,825 DEBUG org.springframework.boot.StartupInfoLogger [main] Running with Spring Boot v2.7.5, Spring v5.3.23
2023-08-17 20:24:48,826 INFO org.springframework.boot.SpringApplication [main] The following 1 profile is active: "test"
2023-08-17 20:24:50,149 INFO org.springframework.data.repository.config.RepositoryConfigurationDelegate [main] Bootstrapping Spring Data JPA repositories in DEFAULT mode.
2023-08-17 20:24:50,340 INFO org.springframework.data.repository.config.RepositoryConfigurationDelegate [main] Finished Spring Data repository scanning in 174 ms. Found 11 JPA repository interfaces.
2023-08-17 20:24:52,276 INFO org.springframework.boot.web.embedded.tomcat.TomcatWebServer [main] Tomcat initialized with port(s): 9988 (http)
2023-08-17 20:24:52,298 INFO org.apache.juli.logging.DirectJDKLog [main] Initializing ProtocolHandler ["http-nio-9988"]
2023-08-17 20:24:52,299 INFO org.apache.juli.logging.DirectJDKLog [main] Starting service [Tomcat]
2023-08-17 20:24:52,300 INFO org.apache.juli.logging.DirectJDKLog [main] Starting Servlet engine: [Apache Tomcat/9.0.68]
2023-08-17 20:24:52,734 INFO org.apache.juli.logging.DirectJDKLog [main] Initializing Spring embedded WebApplicationContext
2023-08-17 20:24:52,735 INFO org.springframework.boot.web.servlet.context.ServletWebServerApplicationContext [main] Root WebApplicationContext: initialization completed in 3751 ms
2023-08-17 20:24:52,842 INFO com.zaxxer.hikari.HikariDataSource [main] HikariPool-1 - Starting...
2023-08-17 20:24:53,367 INFO com.zaxxer.hikari.HikariDataSource [main] HikariPool-1 - Start completed.
2023-08-17 20:24:53,411 INFO org.springframework.boot.autoconfigure.h2.H2ConsoleAutoConfiguration [main] H2 console available at '/h2-console'. Database available at 'jdbc:h2:mem:testdb'
2023-08-17 20:24:53,916 INFO org.hibernate.jpa.internal.util.LogHelper [main] HHH000204: Processing PersistenceUnitInfo [name: default]
2023-08-17 20:24:54,031 INFO org.hibernate.Version [main] HHH000412: Hibernate ORM core version 5.6.12.Final
2023-08-17 20:24:54,394 INFO org.hibernate.annotations.common.reflection.java.JavaReflectionManager [main] HCANN000001: Hibernate Commons Annotations {5.1.2.Final}
2023-08-17 20:24:54,626 INFO org.hibernate.dialect.Dialect [main] HHH000400: Using dialect: org.hibernate.dialect.H2Dialect
2023-08-17 20:24:55,900 INFO org.hibernate.tuple.PojoInstantiator [main] HHH000182: No default (no-argument) constructor for class: com.modern.office.scheduler.domain.Insurance (class must be instantiated by Interceptor)
2023-08-17 20:24:56,176 INFO org.hibernate.engine.transaction.jta.platform.internal.JtaPlatformInitiator [main] HHH000490: Using JtaPlatform implementation: [org.hibernate.engine.transaction.jta.platform.internal.NoJtaPlatform]
2023-08-17 20:24:56,195 INFO org.springframework.orm.jpa.AbstractEntityManagerFactoryBean [main] Initialized JPA EntityManagerFactory for persistence unit 'default'
2023-08-17 20:24:59,066 INFO org.springframework.security.web.DefaultSecurityFilterChain [main] Will secure any request with [org.springframework.security.web.session.DisableEncodeUrlFilter@589cc8eb, org.springframework.security.web.context.request.async.WebAsyncManagerIntegrationFilter@44233014, org.springframework.security.web.context.SecurityContextPersistenceFilter@3d273300, org.springframework.security.web.header.HeaderWriterFilter@5fc76532, org.springframework.security.web.authentication.logout.LogoutFilter@360ccb68, org.springframework.security.web.authentication.www.BasicAuthenticationFilter@da2303c, org.springframework.security.web.savedrequest.RequestCacheAwareFilter@5c04685, org.springframework.security.web.servletapi.SecurityContextHolderAwareRequestFilter@5bbb351e, org.springframework.security.web.authentication.AnonymousAuthenticationFilter@6888a33, org.springframework.security.web.session.SessionManagementFilter@ab11e76, org.springframework.security.web.access.ExceptionTranslationFilter@763a72da, org.springframework.security.web.access.intercept.FilterSecurityInterceptor@3f69b166]
2023-08-17 20:24:59,353 WARN org.springframework.boot.autoconfigure.orm.jpa.JpaBaseConfiguration$JpaWebConfiguration [main] spring.jpa.open-in-view is enabled by default. Therefore, database queries may be performed during view rendering. Explicitly configure spring.jpa.open-in-view to disable this warning
2023-08-17 20:24:59,546 DEBUG org.springframework.web.servlet.mvc.method.annotation.RequestMappingHandlerAdapter [main] ControllerAdvice beans: 0 @ModelAttribute, 0 @InitBinder, 1 RequestBodyAdvice, 1 ResponseBodyAdvice
2023-08-17 20:24:59,776 DEBUG org.springframework.web.servlet.handler.AbstractHandlerMethodMapping [main] 32 mappings in 'requestMappingHandlerMapping'
2023-08-17 20:24:59,799 DEBUG org.springframework.web.servlet.handler.AbstractDetectingUrlHandlerMapping [main] Detected 1 mappings in 'beanNameHandlerMapping'
2023-08-17 20:25:01,616 DEBUG org.springframework.web.servlet.handler.SimpleUrlHandlerMapping [main] Patterns [/webjars/**, /**, /swagger-ui*/**] in 'resourceHandlerMapping'
2023-08-17 20:25:01,643 DEBUG org.springframework.web.servlet.mvc.method.annotation.ExceptionHandlerExceptionResolver [main] ControllerAdvice beans: 1 @ExceptionHandler, 1 ResponseBodyAdvice
2023-08-17 20:25:02,002 INFO org.apache.juli.logging.DirectJDKLog [main] Starting ProtocolHandler ["http-nio-9988"]
2023-08-17 20:25:02,063 INFO org.springframework.boot.web.embedded.tomcat.TomcatWebServer [main] Tomcat started on port(s): 9988 (http) with context path ''
2023-08-17 20:25:02,098 INFO org.springframework.boot.StartupInfoLogger [main] Started SchedulerApplication in 14.174 seconds (JVM running for 15.343)
2023-08-17 20:25:12,751 INFO org.apache.juli.logging.DirectJDKLog [http-nio-9988-exec-1] Initializing Spring DispatcherServlet 'dispatcherServlet'
2023-08-17 20:25:12,752 INFO org.springframework.web.servlet.FrameworkServlet [http-nio-9988-exec-1] Initializing Servlet 'dispatcherServlet'
2023-08-17 20:25:12,752 DEBUG org.springframework.web.servlet.DispatcherServlet [http-nio-9988-exec-1] Detected StandardServletMultipartResolver
2023-08-17 20:25:12,753 DEBUG org.springframework.web.servlet.DispatcherServlet [http-nio-9988-exec-1] Detected AcceptHeaderLocaleResolver
2023-08-17 20:25:12,753 DEBUG org.springframework.web.servlet.DispatcherServlet [http-nio-9988-exec-1] Detected FixedThemeResolver
2023-08-17 20:25:12,755 DEBUG org.springframework.web.servlet.DispatcherServlet [http-nio-9988-exec-1] Detected org.springframework.web.servlet.view.DefaultRequestToViewNameTranslator@3d3e9163
2023-08-17 20:25:12,756 DEBUG org.springframework.web.servlet.DispatcherServlet [http-nio-9988-exec-1] Detected org.springframework.web.servlet.support.SessionFlashMapManager@a8177f6
2023-08-17 20:25:12,756 DEBUG org.springframework.web.servlet.FrameworkServlet [http-nio-9988-exec-1] enableLoggingRequestDetails='false': request parameters and headers will be masked to prevent unsafe logging of potentially sensitive data
2023-08-17 20:25:12,757 INFO org.springframework.web.servlet.FrameworkServlet [http-nio-9988-exec-1] Completed initialization in 5 ms
2023-08-17 20:25:12,802 DEBUG org.springframework.core.log.LogFormatUtils [http-nio-9988-exec-1] POST "/reply", parameters={}
2023-08-17 20:25:12,816 DEBUG org.springframework.web.servlet.handler.AbstractHandlerMapping [http-nio-9988-exec-1] Mapped to com.modern.office.sns.SnsController#acceptReply(String)
2023-08-17 20:25:12,851 DEBUG org.springframework.core.log.LogFormatUtils [http-nio-9988-exec-1] Read "text/plain;charset=UTF-8" to ["{"originationNumber":"+16469124975","destinationNumber":"+18665085287","messageKeyword":"KEYWORD_622 (truncated)..."]
2023-08-17 20:25:12,865 INFO com.modern.office.sns.SnsController [http-nio-9988-exec-1] Received: {"originationNumber":"+16469124975","destinationNumber":"+18665085287","messageKeyword":"KEYWORD_622853243487","messageBody":"1","previousPublishedMessageId":"0039c058-314e-540a-aba5-9d0f4501cf2e","inboundMessageId":"ca0beb2e-2dd8-4c0b-b142-faa1d1e6e701"}
2023-08-17 20:25:12,924 INFO com.modern.office.sns.SnsService [http-nio-9988-exec-1] Updating appointment for phone +16469124975 with reply 1
2023-08-17 20:25:13,076 DEBUG org.hibernate.engine.jdbc.spi.SqlStatementLogger [http-nio-9988-exec-1] select appointmen0_.appt_no as appt_no1_1_, appointmen0_.appt_address as appt_add2_1_, appointmen0_.appt_cancel_ind as appt_can3_1_, appointmen0_.appt_color as appt_col4_1_, appointmen0_.appt_confirmed_ind as appt_con5_1_, appointmen0_.appt_date as appt_dat6_1_, appointmen0_.appt_dayofweek as appt_day7_1_, appointmen0_.appt_deleted_ind as appt_del8_1_, appointmen0_.appt_end_time as appt_end9_1_, appointmen0_.appt_left_msg_ind as appt_le10_1_, appointmen0_.appt_name as appt_na11_1_, appointmen0_.appt_new_pat_ind as appt_ne12_1_, appointmen0_.appt_no_answer_ind as appt_no13_1_, appointmen0_.appt_notes as appt_no14_1_, appointmen0_.appt_phone as appt_ph15_1_, appointmen0_.appt_show_ind as appt_sh16_1_, appointmen0_.appt_start_time as appt_st17_1_, appointmen0_.ins_no as ins_no18_1_, appointmen0_.locationid as locatio19_1_, appointmen0_.appt_om_no as appt_om20_1_, appointmen0_.pro_no as pro_no21_1_, appointmen0_.serv_no as serv_no22_1_ from appsch_appointment appointmen0_ where appointmen0_.appt_date between ? and ?
2023-08-17 20:25:13,215 DEBUG org.springframework.web.servlet.mvc.method.annotation.AbstractMessageConverterMethodProcessor [http-nio-9988-exec-1] Using 'text/plain', given [*/*] and supported [text/plain, */*, text/plain, */*, application/json, application/*+json, application/json, application/*+json]
2023-08-17 20:25:13,217 DEBUG org.springframework.core.log.LogFormatUtils [http-nio-9988-exec-1] Writing ["ok"]
2023-08-17 20:25:13,231 DEBUG org.springframework.web.servlet.FrameworkServlet [http-nio-9988-exec-1] Completed 200 OK
2023-08-17 20:26:05,436 DEBUG org.springframework.core.log.LogFormatUtils [http-nio-9988-exec-2] POST "/reply", parameters={}
2023-08-17 20:26:05,439 DEBUG org.springframework.web.servlet.handler.AbstractHandlerMapping [http-nio-9988-exec-2] Mapped to com.modern.office.sns.SnsController#acceptReply(String)
2023-08-17 20:26:05,444 DEBUG org.springframework.core.log.LogFormatUtils [http-nio-9988-exec-2] Read "text/plain;charset=UTF-8" to ["{"originationNumber":"+16469124975","destinationNumber":"+18665085287","messageKeyword":"KEYWORD_622 (truncated)..."]
2023-08-17 20:26:05,447 INFO com.modern.office.sns.SnsController [http-nio-9988-exec-2] Received: {"originationNumber":"+16469124975","destinationNumber":"+18665085287","messageKeyword":"KEYWORD_622853243487","messageBody":"0","previousPublishedMessageId":"0039c058-314e-540a-aba5-9d0f4501cf2e","inboundMessageId":"cf291d07-c590-4015-a1cf-6e95a4146c9a"}
2023-08-17 20:26:05,449 INFO com.modern.office.sns.SnsService [http-nio-9988-exec-2] Updating appointment for phone +16469124975 with reply 0
2023-08-17 20:26:05,452 DEBUG org.hibernate.engine.jdbc.spi.SqlStatementLogger [http-nio-9988-exec-2] select appointmen0_.appt_no as appt_no1_1_, appointmen0_.appt_address as appt_add2_1_, appointmen0_.appt_cancel_ind as appt_can3_1_, appointmen0_.appt_color as appt_col4_1_, appointmen0_.appt_confirmed_ind as appt_con5_1_, appointmen0_.appt_date as appt_dat6_1_, appointmen0_.appt_dayofweek as appt_day7_1_, appointmen0_.appt_deleted_ind as appt_del8_1_, appointmen0_.appt_end_time as appt_end9_1_, appointmen0_.appt_left_msg_ind as appt_le10_1_, appointmen0_.appt_name as appt_na11_1_, appointmen0_.appt_new_pat_ind as appt_ne12_1_, appointmen0_.appt_no_answer_ind as appt_no13_1_, appointmen0_.appt_notes as appt_no14_1_, appointmen0_.appt_phone as appt_ph15_1_, appointmen0_.appt_show_ind as appt_sh16_1_, appointmen0_.appt_start_time as appt_st17_1_, appointmen0_.ins_no as ins_no18_1_, appointmen0_.locationid as locatio19_1_, appointmen0_.appt_om_no as appt_om20_1_, appointmen0_.pro_no as pro_no21_1_, appointmen0_.serv_no as serv_no22_1_ from appsch_appointment appointmen0_ where appointmen0_.appt_date between ? and ?
2023-08-17 20:26:05,458 DEBUG org.springframework.web.servlet.mvc.method.annotation.AbstractMessageConverterMethodProcessor [http-nio-9988-exec-2] Using 'text/plain', given [*/*] and supported [text/plain, */*, text/plain, */*, application/json, application/*+json, application/json, application/*+json]
2023-08-17 20:26:05,460 DEBUG org.springframework.core.log.LogFormatUtils [http-nio-9988-exec-2] Writing ["ok"]
2023-08-17 20:26:05,466 DEBUG org.springframework.web.servlet.FrameworkServlet [http-nio-9988-exec-2] Completed 200 OK
2023-08-17 20:27:21,023 INFO org.springframework.boot.StartupInfoLogger [main] Starting SchedulerApplication using Java 17.0.6 on arkady-PC with PID 5380 (C:\projects\scheduler\target\classes started by arkady in C:\projects\scheduler)
2023-08-17 20:27:21,031 DEBUG org.springframework.boot.StartupInfoLogger [main] Running with Spring Boot v2.7.5, Spring v5.3.23
2023-08-17 20:27:21,033 INFO org.springframework.boot.SpringApplication [main] The following 1 profile is active: "test"
2023-08-17 20:27:22,541 INFO org.springframework.data.repository.config.RepositoryConfigurationDelegate [main] Bootstrapping Spring Data JPA repositories in DEFAULT mode.
2023-08-17 20:27:22,771 INFO org.springframework.data.repository.config.RepositoryConfigurationDelegate [main] Finished Spring Data repository scanning in 204 ms. Found 11 JPA repository interfaces.
2023-08-17 20:27:24,851 INFO org.springframework.boot.web.embedded.tomcat.TomcatWebServer [main] Tomcat initialized with port(s): 9988 (http)
2023-08-17 20:27:24,873 INFO org.apache.juli.logging.DirectJDKLog [main] Initializing ProtocolHandler ["http-nio-9988"]
2023-08-17 20:27:24,875 INFO org.apache.juli.logging.DirectJDKLog [main] Starting service [Tomcat]
2023-08-17 20:27:24,875 INFO org.apache.juli.logging.DirectJDKLog [main] Starting Servlet engine: [Apache Tomcat/9.0.68]
2023-08-17 20:27:25,244 INFO org.apache.juli.logging.DirectJDKLog [main] Initializing Spring embedded WebApplicationContext
2023-08-17 20:27:25,245 INFO org.springframework.boot.web.servlet.context.ServletWebServerApplicationContext [main] Root WebApplicationContext: initialization completed in 4041 ms
2023-08-17 20:27:25,318 INFO com.zaxxer.hikari.HikariDataSource [main] HikariPool-1 - Starting...
2023-08-17 20:27:25,809 INFO com.zaxxer.hikari.HikariDataSource [main] HikariPool-1 - Start completed.
2023-08-17 20:27:25,859 INFO org.springframework.boot.autoconfigure.h2.H2ConsoleAutoConfiguration [main] H2 console available at '/h2-console'. Database available at 'jdbc:h2:mem:testdb'
2023-08-17 20:27:26,566 INFO org.hibernate.jpa.internal.util.LogHelper [main] HHH000204: Processing PersistenceUnitInfo [name: default]
2023-08-17 20:27:26,718 INFO org.hibernate.Version [main] HHH000412: Hibernate ORM core version 5.6.12.Final
2023-08-17 20:27:27,202 INFO org.hibernate.annotations.common.reflection.java.JavaReflectionManager [main] HCANN000001: Hibernate Commons Annotations {5.1.2.Final}
2023-08-17 20:27:27,474 INFO org.hibernate.dialect.Dialect [main] HHH000400: Using dialect: org.hibernate.dialect.H2Dialect
2023-08-17 20:27:28,746 INFO org.hibernate.tuple.PojoInstantiator [main] HHH000182: No default (no-argument) constructor for class: com.modern.office.scheduler.domain.Insurance (class must be instantiated by Interceptor)
2023-08-17 20:27:29,025 INFO org.hibernate.engine.transaction.jta.platform.internal.JtaPlatformInitiator [main] HHH000490: Using JtaPlatform implementation: [org.hibernate.engine.transaction.jta.platform.internal.NoJtaPlatform]
2023-08-17 20:27:29,046 INFO org.springframework.orm.jpa.AbstractEntityManagerFactoryBean [main] Initialized JPA EntityManagerFactory for persistence unit 'default'
2023-08-17 20:27:32,209 INFO org.springframework.security.web.DefaultSecurityFilterChain [main] Will secure any request with [org.springframework.security.web.session.DisableEncodeUrlFilter@e8ce5b1, org.springframework.security.web.context.request.async.WebAsyncManagerIntegrationFilter@301b89e1, org.springframework.security.web.context.SecurityContextPersistenceFilter@7a458c73, org.springframework.security.web.header.HeaderWriterFilter@44b99467, org.springframework.security.web.authentication.logout.LogoutFilter@56c26b21, org.springframework.security.web.authentication.www.BasicAuthenticationFilter@454f6cc5, org.springframework.security.web.savedrequest.RequestCacheAwareFilter@112f8f8f, org.springframework.security.web.servletapi.SecurityContextHolderAwareRequestFilter@4700064f, org.springframework.security.web.authentication.AnonymousAuthenticationFilter@3f3abe67, org.springframework.security.web.session.SessionManagementFilter@581cb879, org.springframework.security.web.access.ExceptionTranslationFilter@5cdf2c83, org.springframework.security.web.access.intercept.FilterSecurityInterceptor@34de8c9f]
2023-08-17 20:27:32,485 WARN org.springframework.boot.autoconfigure.orm.jpa.JpaBaseConfiguration$JpaWebConfiguration [main] spring.jpa.open-in-view is enabled by default. Therefore, database queries may be performed during view rendering. Explicitly configure spring.jpa.open-in-view to disable this warning
2023-08-17 20:27:32,681 DEBUG org.springframework.web.servlet.mvc.method.annotation.RequestMappingHandlerAdapter [main] ControllerAdvice beans: 0 @ModelAttribute, 0 @InitBinder, 1 RequestBodyAdvice, 1 ResponseBodyAdvice
2023-08-17 20:27:32,903 DEBUG org.springframework.web.servlet.handler.AbstractHandlerMethodMapping [main] 32 mappings in 'requestMappingHandlerMapping'
2023-08-17 20:27:32,926 DEBUG org.springframework.web.servlet.handler.AbstractDetectingUrlHandlerMapping [main] Detected 1 mappings in 'beanNameHandlerMapping'
2023-08-17 20:27:34,981 DEBUG org.springframework.web.servlet.handler.SimpleUrlHandlerMapping [main] Patterns [/webjars/**, /**, /swagger-ui*/**] in 'resourceHandlerMapping'
2023-08-17 20:27:35,012 DEBUG org.springframework.web.servlet.mvc.method.annotation.ExceptionHandlerExceptionResolver [main] ControllerAdvice beans: 1 @ExceptionHandler, 1 ResponseBodyAdvice
2023-08-17 20:27:35,420 INFO org.apache.juli.logging.DirectJDKLog [main] Starting ProtocolHandler ["http-nio-9988"]
2023-08-17 20:27:35,472 INFO org.springframework.boot.web.embedded.tomcat.TomcatWebServer [main] Tomcat started on port(s): 9988 (http) with context path ''
2023-08-17 20:27:35,513 INFO org.springframework.boot.StartupInfoLogger [main] Started SchedulerApplication in 15.413 seconds (JVM running for 16.572)
2023-08-17 20:27:42,058 INFO org.apache.juli.logging.DirectJDKLog [http-nio-9988-exec-1] Initializing Spring DispatcherServlet 'dispatcherServlet'
2023-08-17 20:27:42,059 INFO org.springframework.web.servlet.FrameworkServlet [http-nio-9988-exec-1] Initializing Servlet 'dispatcherServlet'
2023-08-17 20:27:42,059 DEBUG org.springframework.web.servlet.DispatcherServlet [http-nio-9988-exec-1] Detected StandardServletMultipartResolver
2023-08-17 20:27:42,060 DEBUG org.springframework.web.servlet.DispatcherServlet [http-nio-9988-exec-1] Detected AcceptHeaderLocaleResolver
2023-08-17 20:27:42,060 DEBUG org.springframework.web.servlet.DispatcherServlet [http-nio-9988-exec-1] Detected FixedThemeResolver
2023-08-17 20:27:42,062 DEBUG org.springframework.web.servlet.DispatcherServlet [http-nio-9988-exec-1] Detected org.springframework.web.servlet.view.DefaultRequestToViewNameTranslator@6e21b6f8
2023-08-17 20:27:42,063 DEBUG org.springframework.web.servlet.DispatcherServlet [http-nio-9988-exec-1] Detected org.springframework.web.servlet.support.SessionFlashMapManager@479f738a
2023-08-17 20:27:42,064 DEBUG org.springframework.web.servlet.FrameworkServlet [http-nio-9988-exec-1] enableLoggingRequestDetails='false': request parameters and headers will be masked to prevent unsafe logging of potentially sensitive data
2023-08-17 20:27:42,065 INFO org.springframework.web.servlet.FrameworkServlet [http-nio-9988-exec-1] Completed initialization in 5 ms
2023-08-17 20:27:42,109 DEBUG org.springframework.core.log.LogFormatUtils [http-nio-9988-exec-1] POST "/reply", parameters={}
2023-08-17 20:27:42,124 DEBUG org.springframework.web.servlet.handler.AbstractHandlerMapping [http-nio-9988-exec-1] Mapped to com.modern.office.sns.SnsController#acceptReply(String)
2023-08-17 20:27:42,157 DEBUG org.springframework.core.log.LogFormatUtils [http-nio-9988-exec-1] Read "text/plain;charset=UTF-8" to ["{"originationNumber":"+16469124975","destinationNumber":"+18665085287","messageKeyword":"KEYWORD_622 (truncated)..."]
2023-08-17 20:27:42,172 INFO com.modern.office.sns.SnsController [http-nio-9988-exec-1] Received: {"originationNumber":"+16469124975","destinationNumber":"+18665085287","messageKeyword":"KEYWORD_622853243487","messageBody":"1","previousPublishedMessageId":"0039c058-314e-540a-aba5-9d0f4501cf2e","inboundMessageId":"f9b3bf00-e72e-4bbb-8eac-7dda21d6f215"}
2023-08-17 20:27:42,230 INFO com.modern.office.sns.SnsService [http-nio-9988-exec-1] Updating appointment for phone +16469124975 with reply 1
2023-08-17 20:27:42,365 DEBUG org.hibernate.engine.jdbc.spi.SqlStatementLogger [http-nio-9988-exec-1] select appointmen0_.appt_no as appt_no1_1_, appointmen0_.appt_address as appt_add2_1_, appointmen0_.appt_cancel_ind as appt_can3_1_, appointmen0_.appt_color as appt_col4_1_, appointmen0_.appt_confirmed_ind as appt_con5_1_, appointmen0_.appt_date as appt_dat6_1_, appointmen0_.appt_dayofweek as appt_day7_1_, appointmen0_.appt_deleted_ind as appt_del8_1_, appointmen0_.appt_end_time as appt_end9_1_, appointmen0_.appt_left_msg_ind as appt_le10_1_, appointmen0_.appt_name as appt_na11_1_, appointmen0_.appt_new_pat_ind as appt_ne12_1_, appointmen0_.appt_no_answer_ind as appt_no13_1_, appointmen0_.appt_notes as appt_no14_1_, appointmen0_.appt_phone as appt_ph15_1_, appointmen0_.appt_show_ind as appt_sh16_1_, appointmen0_.appt_start_time as appt_st17_1_, appointmen0_.ins_no as ins_no18_1_, appointmen0_.locationid as locatio19_1_, appointmen0_.appt_om_no as appt_om20_1_, appointmen0_.pro_no as pro_no21_1_, appointmen0_.serv_no as serv_no22_1_ from appsch_appointment appointmen0_ where appointmen0_.appt_date between ? and ?
2023-08-17 20:27:42,460 DEBUG org.springframework.web.servlet.mvc.method.annotation.AbstractMessageConverterMethodProcessor [http-nio-9988-exec-1] Using 'text/plain', given [*/*] and supported [text/plain, */*, text/plain, */*, application/json, application/*+json, application/json, application/*+json]
2023-08-17 20:27:42,461 DEBUG org.springframework.core.log.LogFormatUtils [http-nio-9988-exec-1] Writing ["ok"]
2023-08-17 20:27:42,477 DEBUG org.springframework.web.servlet.FrameworkServlet [http-nio-9988-exec-1] Completed 200 OK
2023-08-17 20:28:30,382 INFO org.springframework.boot.StartupInfoLogger [main] Starting SchedulerApplication using Java 17.0.6 on arkady-PC with PID 3420 (C:\projects\scheduler\target\classes started by arkady in C:\projects\scheduler)
2023-08-17 20:28:30,390 DEBUG org.springframework.boot.StartupInfoLogger [main] Running with Spring Boot v2.7.5, Spring v5.3.23
2023-08-17 20:28:30,391 INFO org.springframework.boot.SpringApplication [main] The following 1 profile is active: "test"
2023-08-17 20:28:31,670 INFO org.springframework.data.repository.config.RepositoryConfigurationDelegate [main] Bootstrapping Spring Data JPA repositories in DEFAULT mode.
2023-08-17 20:28:31,830 INFO org.springframework.data.repository.config.RepositoryConfigurationDelegate [main] Finished Spring Data repository scanning in 143 ms. Found 11 JPA repository interfaces.
2023-08-17 20:28:33,958 INFO org.springframework.boot.web.embedded.tomcat.TomcatWebServer [main] Tomcat initialized with port(s): 9988 (http)
2023-08-17 20:28:33,978 INFO org.apache.juli.logging.DirectJDKLog [main] Initializing ProtocolHandler ["http-nio-9988"]
2023-08-17 20:28:33,981 INFO org.apache.juli.logging.DirectJDKLog [main] Starting service [Tomcat]
2023-08-17 20:28:33,982 INFO org.apache.juli.logging.DirectJDKLog [main] Starting Servlet engine: [Apache Tomcat/9.0.68]
2023-08-17 20:28:34,345 INFO org.apache.juli.logging.DirectJDKLog [main] Initializing Spring embedded WebApplicationContext
2023-08-17 20:28:34,346 INFO org.springframework.boot.web.servlet.context.ServletWebServerApplicationContext [main] Root WebApplicationContext: initialization completed in 3805 ms
2023-08-17 20:28:34,447 INFO com.zaxxer.hikari.HikariDataSource [main] HikariPool-1 - Starting...
2023-08-17 20:28:34,965 INFO com.zaxxer.hikari.HikariDataSource [main] HikariPool-1 - Start completed.
2023-08-17 20:28:35,002 INFO org.springframework.boot.autoconfigure.h2.H2ConsoleAutoConfiguration [main] H2 console available at '/h2-console'. Database available at 'jdbc:h2:mem:testdb'
2023-08-17 20:28:35,517 INFO org.hibernate.jpa.internal.util.LogHelper [main] HHH000204: Processing PersistenceUnitInfo [name: default]
2023-08-17 20:28:35,631 INFO org.hibernate.Version [main] HHH000412: Hibernate ORM core version 5.6.12.Final
2023-08-17 20:28:36,007 INFO org.hibernate.annotations.common.reflection.java.JavaReflectionManager [main] HCANN000001: Hibernate Commons Annotations {5.1.2.Final}
2023-08-17 20:28:36,255 INFO org.hibernate.dialect.Dialect [main] HHH000400: Using dialect: org.hibernate.dialect.H2Dialect
2023-08-17 20:28:38,447 INFO org.hibernate.tuple.PojoInstantiator [main] HHH000182: No default (no-argument) constructor for class: com.modern.office.scheduler.domain.Insurance (class must be instantiated by Interceptor)
2023-08-17 20:28:38,841 INFO org.hibernate.engine.transaction.jta.platform.internal.JtaPlatformInitiator [main] HHH000490: Using JtaPlatform implementation: [org.hibernate.engine.transaction.jta.platform.internal.NoJtaPlatform]
2023-08-17 20:28:38,860 INFO org.springframework.orm.jpa.AbstractEntityManagerFactoryBean [main] Initialized JPA EntityManagerFactory for persistence unit 'default'
2023-08-17 20:28:42,158 INFO org.springframework.security.web.DefaultSecurityFilterChain [main] Will secure any request with [org.springframework.security.web.session.DisableEncodeUrlFilter@3f3abe67, org.springframework.security.web.context.request.async.WebAsyncManagerIntegrationFilter@64f1e9f8, org.springframework.security.web.context.SecurityContextPersistenceFilter@124b8fe9, org.springframework.security.web.header.HeaderWriterFilter@631c6ef4, org.springframework.security.web.authentication.logout.LogoutFilter@2f46bc25, org.springframework.security.web.authentication.www.BasicAuthenticationFilter@739500b8, org.springframework.security.web.savedrequest.RequestCacheAwareFilter@3e9e7a70, org.springframework.security.web.servletapi.SecurityContextHolderAwareRequestFilter@360ccb68, org.springframework.security.web.authentication.AnonymousAuthenticationFilter@d3929ba, org.springframework.security.web.session.SessionManagementFilter@5cdf2c83, org.springframework.security.web.access.ExceptionTranslationFilter@7a80ebcd, org.springframework.security.web.access.intercept.FilterSecurityInterceptor@5f1bd673]
2023-08-17 20:28:42,463 WARN org.springframework.boot.autoconfigure.orm.jpa.JpaBaseConfiguration$JpaWebConfiguration [main] spring.jpa.open-in-view is enabled by default. Therefore, database queries may be performed during view rendering. Explicitly configure spring.jpa.open-in-view to disable this warning
2023-08-17 20:28:42,649 DEBUG org.springframework.web.servlet.mvc.method.annotation.RequestMappingHandlerAdapter [main] ControllerAdvice beans: 0 @ModelAttribute, 0 @InitBinder, 1 RequestBodyAdvice, 1 ResponseBodyAdvice
2023-08-17 20:28:42,941 DEBUG org.springframework.web.servlet.handler.AbstractHandlerMethodMapping [main] 32 mappings in 'requestMappingHandlerMapping'
2023-08-17 20:28:42,958 DEBUG org.springframework.web.servlet.handler.AbstractDetectingUrlHandlerMapping [main] Detected 1 mappings in 'beanNameHandlerMapping'
2023-08-17 20:28:44,955 DEBUG org.springframework.web.servlet.handler.SimpleUrlHandlerMapping [main] Patterns [/webjars/**, /**, /swagger-ui*/**] in 'resourceHandlerMapping'
2023-08-17 20:28:45,022 DEBUG org.springframework.web.servlet.mvc.method.annotation.ExceptionHandlerExceptionResolver [main] ControllerAdvice beans: 1 @ExceptionHandler, 1 ResponseBodyAdvice
2023-08-17 20:28:45,519 INFO org.apache.juli.logging.DirectJDKLog [main] Starting ProtocolHandler ["http-nio-9988"]
2023-08-17 20:28:45,573 INFO org.springframework.boot.web.embedded.tomcat.TomcatWebServer [main] Tomcat started on port(s): 9988 (http) with context path ''
2023-08-17 20:28:45,615 INFO org.springframework.boot.StartupInfoLogger [main] Started SchedulerApplication in 16.138 seconds (JVM running for 17.309)
2023-08-17 20:28:56,499 INFO org.apache.juli.logging.DirectJDKLog [http-nio-9988-exec-1] Initializing Spring DispatcherServlet 'dispatcherServlet'
2023-08-17 20:28:56,500 INFO org.springframework.web.servlet.FrameworkServlet [http-nio-9988-exec-1] Initializing Servlet 'dispatcherServlet'
2023-08-17 20:28:56,500 DEBUG org.springframework.web.servlet.DispatcherServlet [http-nio-9988-exec-1] Detected StandardServletMultipartResolver
2023-08-17 20:28:56,501 DEBUG org.springframework.web.servlet.DispatcherServlet [http-nio-9988-exec-1] Detected AcceptHeaderLocaleResolver
2023-08-17 20:28:56,501 DEBUG org.springframework.web.servlet.DispatcherServlet [http-nio-9988-exec-1] Detected FixedThemeResolver
2023-08-17 20:28:56,503 DEBUG org.springframework.web.servlet.DispatcherServlet [http-nio-9988-exec-1] Detected org.springframework.web.servlet.view.DefaultRequestToViewNameTranslator@14144cc9
2023-08-17 20:28:56,504 DEBUG org.springframework.web.servlet.DispatcherServlet [http-nio-9988-exec-1] Detected org.springframework.web.servlet.support.SessionFlashMapManager@3a3f1703
2023-08-17 20:28:56,505 DEBUG org.springframework.web.servlet.FrameworkServlet [http-nio-9988-exec-1] enableLoggingRequestDetails='false': request parameters and headers will be masked to prevent unsafe logging of potentially sensitive data
2023-08-17 20:28:56,506 INFO org.springframework.web.servlet.FrameworkServlet [http-nio-9988-exec-1] Completed initialization in 6 ms
2023-08-17 20:28:56,547 DEBUG org.springframework.core.log.LogFormatUtils [http-nio-9988-exec-1] POST "/reply", parameters={}
2023-08-17 20:28:56,567 DEBUG org.springframework.web.servlet.handler.AbstractHandlerMapping [http-nio-9988-exec-1] Mapped to com.modern.office.sns.SnsController#acceptReply(String)
2023-08-17 20:28:56,606 DEBUG org.springframework.core.log.LogFormatUtils [http-nio-9988-exec-1] Read "text/plain;charset=UTF-8" to ["{"originationNumber":"+16469124975","destinationNumber":"+18665085287","messageKeyword":"KEYWORD_622 (truncated)..."]
2023-08-17 20:28:56,621 INFO com.modern.office.sns.SnsController [http-nio-9988-exec-1] Received: {"originationNumber":"+16469124975","destinationNumber":"+18665085287","messageKeyword":"KEYWORD_622853243487","messageBody":"0","previousPublishedMessageId":"0039c058-314e-540a-aba5-9d0f4501cf2e","inboundMessageId":"60dfa795-9f71-4363-b9c9-6a304929b922"}
2023-08-17 20:29:39,422 INFO com.modern.office.sns.SnsService [http-nio-9988-exec-1] Updating appointment for phone +16469124975 with reply 0
2023-08-17 20:29:41,830 DEBUG org.hibernate.engine.jdbc.spi.SqlStatementLogger [http-nio-9988-exec-1] select appointmen0_.appt_no as appt_no1_1_, appointmen0_.appt_address as appt_add2_1_, appointmen0_.appt_cancel_ind as appt_can3_1_, appointmen0_.appt_color as appt_col4_1_, appointmen0_.appt_confirmed_ind as appt_con5_1_, appointmen0_.appt_date as appt_dat6_1_, appointmen0_.appt_dayofweek as appt_day7_1_, appointmen0_.appt_deleted_ind as appt_del8_1_, appointmen0_.appt_end_time as appt_end9_1_, appointmen0_.appt_left_msg_ind as appt_le10_1_, appointmen0_.appt_name as appt_na11_1_, appointmen0_.appt_new_pat_ind as appt_ne12_1_, appointmen0_.appt_no_answer_ind as appt_no13_1_, appointmen0_.appt_notes as appt_no14_1_, appointmen0_.appt_phone as appt_ph15_1_, appointmen0_.appt_show_ind as appt_sh16_1_, appointmen0_.appt_start_time as appt_st17_1_, appointmen0_.ins_no as ins_no18_1_, appointmen0_.locationid as locatio19_1_, appointmen0_.appt_om_no as appt_om20_1_, appointmen0_.pro_no as pro_no21_1_, appointmen0_.serv_no as serv_no22_1_ from appsch_appointment appointmen0_ where appointmen0_.appt_date between ? and ?
2023-08-17 20:30:03,603 DEBUG org.springframework.core.log.LogFormatUtils [http-nio-9988-exec-2] POST "/reply", parameters={}
2023-08-17 20:30:03,606 DEBUG org.springframework.web.servlet.handler.AbstractHandlerMapping [http-nio-9988-exec-2] Mapped to com.modern.office.sns.SnsController#acceptReply(String)
2023-08-17 20:30:03,611 DEBUG org.springframework.core.log.LogFormatUtils [http-nio-9988-exec-2] Read "text/plain;charset=UTF-8" to ["{"originationNumber":"+16469124975","destinationNumber":"+18665085287","messageKeyword":"KEYWORD_622 (truncated)..."]
2023-08-17 20:30:03,614 INFO com.modern.office.sns.SnsController [http-nio-9988-exec-2] Received: {"originationNumber":"+16469124975","destinationNumber":"+18665085287","messageKeyword":"KEYWORD_622853243487","messageBody":"0","previousPublishedMessageId":"0039c058-314e-540a-aba5-9d0f4501cf2e","inboundMessageId":"60dfa795-9f71-4363-b9c9-6a304929b922"}
2023-08-17 20:31:20,606 INFO org.springframework.boot.StartupInfoLogger [main] Starting SchedulerApplication using Java 17.0.6 on arkady-PC with PID 464 (C:\projects\scheduler\target\classes started by arkady in C:\projects\scheduler)
2023-08-17 20:31:20,613 DEBUG org.springframework.boot.StartupInfoLogger [main] Running with Spring Boot v2.7.5, Spring v5.3.23
2023-08-17 20:31:20,615 INFO org.springframework.boot.SpringApplication [main] The following 1 profile is active: "test"
2023-08-17 20:31:21,884 INFO org.springframework.data.repository.config.RepositoryConfigurationDelegate [main] Bootstrapping Spring Data JPA repositories in DEFAULT mode.
2023-08-17 20:31:22,091 INFO org.springframework.data.repository.config.RepositoryConfigurationDelegate [main] Finished Spring Data repository scanning in 187 ms. Found 11 JPA repository interfaces.
2023-08-17 20:31:23,916 INFO org.springframework.boot.web.embedded.tomcat.TomcatWebServer [main] Tomcat initialized with port(s): 9988 (http)
2023-08-17 20:31:23,933 INFO org.apache.juli.logging.DirectJDKLog [main] Initializing ProtocolHandler ["http-nio-9988"]
2023-08-17 20:31:23,935 INFO org.apache.juli.logging.DirectJDKLog [main] Starting service [Tomcat]
2023-08-17 20:31:23,936 INFO org.apache.juli.logging.DirectJDKLog [main] Starting Servlet engine: [Apache Tomcat/9.0.68]
2023-08-17 20:31:24,312 INFO org.apache.juli.logging.DirectJDKLog [main] Initializing Spring embedded WebApplicationContext
2023-08-17 20:31:24,313 INFO org.springframework.boot.web.servlet.context.ServletWebServerApplicationContext [main] Root WebApplicationContext: initialization completed in 3541 ms
2023-08-17 20:31:24,404 INFO com.zaxxer.hikari.HikariDataSource [main] HikariPool-1 - Starting...
2023-08-17 20:31:24,905 INFO com.zaxxer.hikari.HikariDataSource [main] HikariPool-1 - Start completed.
2023-08-17 20:31:24,935 INFO org.springframework.boot.autoconfigure.h2.H2ConsoleAutoConfiguration [main] H2 console available at '/h2-console'. Database available at 'jdbc:h2:mem:testdb'
2023-08-17 20:31:25,441 INFO org.hibernate.jpa.internal.util.LogHelper [main] HHH000204: Processing PersistenceUnitInfo [name: default]
2023-08-17 20:31:25,555 INFO org.hibernate.Version [main] HHH000412: Hibernate ORM core version 5.6.12.Final
2023-08-17 20:31:25,914 INFO org.hibernate.annotations.common.reflection.java.JavaReflectionManager [main] HCANN000001: Hibernate Commons Annotations {5.1.2.Final}
2023-08-17 20:31:26,153 INFO org.hibernate.dialect.Dialect [main] HHH000400: Using dialect: org.hibernate.dialect.H2Dialect
2023-08-17 20:31:27,334 INFO org.hibernate.tuple.PojoInstantiator [main] HHH000182: No default (no-argument) constructor for class: com.modern.office.scheduler.domain.Insurance (class must be instantiated by Interceptor)
2023-08-17 20:31:27,602 INFO org.hibernate.engine.transaction.jta.platform.internal.JtaPlatformInitiator [main] HHH000490: Using JtaPlatform implementation: [org.hibernate.engine.transaction.jta.platform.internal.NoJtaPlatform]
2023-08-17 20:31:27,621 INFO org.springframework.orm.jpa.AbstractEntityManagerFactoryBean [main] Initialized JPA EntityManagerFactory for persistence unit 'default'
2023-08-17 20:31:30,219 INFO org.springframework.security.web.DefaultSecurityFilterChain [main] Will secure any request with [org.springframework.security.web.session.DisableEncodeUrlFilter@4e7e7763, org.springframework.security.web.context.request.async.WebAsyncManagerIntegrationFilter@4ecc4b43, org.springframework.security.web.context.SecurityContextPersistenceFilter@5fc76532, org.springframework.security.web.header.HeaderWriterFilter@264c9994, org.springframework.security.web.authentication.logout.LogoutFilter@58df431e, org.springframework.security.web.authentication.www.BasicAuthenticationFilter@6a0d47e8, org.springframework.security.web.savedrequest.RequestCacheAwareFilter@baf87a5, org.springframework.security.web.servletapi.SecurityContextHolderAwareRequestFilter@42c9c0a1, org.springframework.security.web.authentication.AnonymousAuthenticationFilter@6f8281e6, org.springframework.security.web.session.SessionManagementFilter@5a457aa1, org.springframework.security.web.access.ExceptionTranslationFilter@6cb5a64d, org.springframework.security.web.access.intercept.FilterSecurityInterceptor@68b4e7b5]
2023-08-17 20:31:30,543 WARN org.springframework.boot.autoconfigure.orm.jpa.JpaBaseConfiguration$JpaWebConfiguration [main] spring.jpa.open-in-view is enabled by default. Therefore, database queries may be performed during view rendering. Explicitly configure spring.jpa.open-in-view to disable this warning
2023-08-17 20:31:30,722 DEBUG org.springframework.web.servlet.mvc.method.annotation.RequestMappingHandlerAdapter [main] ControllerAdvice beans: 0 @ModelAttribute, 0 @InitBinder, 1 RequestBodyAdvice, 1 ResponseBodyAdvice
2023-08-17 20:31:30,925 DEBUG org.springframework.web.servlet.handler.AbstractHandlerMethodMapping [main] 32 mappings in 'requestMappingHandlerMapping'
2023-08-17 20:31:30,943 DEBUG org.springframework.web.servlet.handler.AbstractDetectingUrlHandlerMapping [main] Detected 1 mappings in 'beanNameHandlerMapping'
2023-08-17 20:31:33,038 DEBUG org.springframework.web.servlet.handler.SimpleUrlHandlerMapping [main] Patterns [/webjars/**, /**, /swagger-ui*/**] in 'resourceHandlerMapping'
2023-08-17 20:31:33,067 DEBUG org.springframework.web.servlet.mvc.method.annotation.ExceptionHandlerExceptionResolver [main] ControllerAdvice beans: 1 @ExceptionHandler, 1 ResponseBodyAdvice
2023-08-17 20:31:33,418 INFO org.apache.juli.logging.DirectJDKLog [main] Starting ProtocolHandler ["http-nio-9988"]
2023-08-17 20:31:33,460 INFO org.springframework.boot.web.embedded.tomcat.TomcatWebServer [main] Tomcat started on port(s): 9988 (http) with context path ''
2023-08-17 20:31:33,491 INFO org.springframework.boot.StartupInfoLogger [main] Started SchedulerApplication in 13.801 seconds (JVM running for 14.784)
2023-08-17 20:31:41,851 INFO org.apache.juli.logging.DirectJDKLog [http-nio-9988-exec-1] Initializing Spring DispatcherServlet 'dispatcherServlet'
2023-08-17 20:31:41,851 INFO org.springframework.web.servlet.FrameworkServlet [http-nio-9988-exec-1] Initializing Servlet 'dispatcherServlet'
2023-08-17 20:31:41,852 DEBUG org.springframework.web.servlet.DispatcherServlet [http-nio-9988-exec-1] Detected StandardServletMultipartResolver
2023-08-17 20:31:41,852 DEBUG org.springframework.web.servlet.DispatcherServlet [http-nio-9988-exec-1] Detected AcceptHeaderLocaleResolver
2023-08-17 20:31:41,852 DEBUG org.springframework.web.servlet.DispatcherServlet [http-nio-9988-exec-1] Detected FixedThemeResolver
2023-08-17 20:31:41,854 DEBUG org.springframework.web.servlet.DispatcherServlet [http-nio-9988-exec-1] Detected org.springframework.web.servlet.view.DefaultRequestToViewNameTranslator@440d45c5
2023-08-17 20:31:41,855 DEBUG org.springframework.web.servlet.DispatcherServlet [http-nio-9988-exec-1] Detected org.springframework.web.servlet.support.SessionFlashMapManager@35c95587
2023-08-17 20:31:41,856 DEBUG org.springframework.web.servlet.FrameworkServlet [http-nio-9988-exec-1] enableLoggingRequestDetails='false': request parameters and headers will be masked to prevent unsafe logging of potentially sensitive data
2023-08-17 20:31:41,856 INFO org.springframework.web.servlet.FrameworkServlet [http-nio-9988-exec-1] Completed initialization in 5 ms
2023-08-17 20:31:41,895 DEBUG org.springframework.core.log.LogFormatUtils [http-nio-9988-exec-1] POST "/reply", parameters={}
2023-08-17 20:31:41,906 DEBUG org.springframework.web.servlet.handler.AbstractHandlerMapping [http-nio-9988-exec-1] Mapped to com.modern.office.sns.SnsController#acceptReply(String)
2023-08-17 20:31:41,945 DEBUG org.springframework.core.log.LogFormatUtils [http-nio-9988-exec-1] Read "text/plain;charset=UTF-8" to ["{"originationNumber":"+16469124975","destinationNumber":"+18665085287","messageKeyword":"KEYWORD_622 (truncated)..."]
2023-08-17 20:31:41,957 INFO com.modern.office.sns.SnsController [http-nio-9988-exec-1] Received: {"originationNumber":"+16469124975","destinationNumber":"+18665085287","messageKeyword":"KEYWORD_622853243487","messageBody":"1","previousPublishedMessageId":"0039c058-314e-540a-aba5-9d0f4501cf2e","inboundMessageId":"c35525f2-57ac-4f84-8de8-f697f6f68677"}
2023-08-17 20:31:42,031 INFO com.modern.office.sns.SnsService [http-nio-9988-exec-1] Updating appointment for phone +16469124975 with reply 1
2023-08-17 20:31:42,144 DEBUG org.hibernate.engine.jdbc.spi.SqlStatementLogger [http-nio-9988-exec-1] select appointmen0_.appt_no as appt_no1_1_, appointmen0_.appt_address as appt_add2_1_, appointmen0_.appt_cancel_ind as appt_can3_1_, appointmen0_.appt_color as appt_col4_1_, appointmen0_.appt_confirmed_ind as appt_con5_1_, appointmen0_.appt_date as appt_dat6_1_, appointmen0_.appt_dayofweek as appt_day7_1_, appointmen0_.appt_deleted_ind as appt_del8_1_, appointmen0_.appt_end_time as appt_end9_1_, appointmen0_.appt_left_msg_ind as appt_le10_1_, appointmen0_.appt_name as appt_na11_1_, appointmen0_.appt_new_pat_ind as appt_ne12_1_, appointmen0_.appt_no_answer_ind as appt_no13_1_, appointmen0_.appt_notes as appt_no14_1_, appointmen0_.appt_phone as appt_ph15_1_, appointmen0_.appt_show_ind as appt_sh16_1_, appointmen0_.appt_start_time as appt_st17_1_, appointmen0_.ins_no as ins_no18_1_, appointmen0_.locationid as locatio19_1_, appointmen0_.appt_om_no as appt_om20_1_, appointmen0_.pro_no as pro_no21_1_, appointmen0_.serv_no as serv_no22_1_ from appsch_appointment appointmen0_ where appointmen0_.appt_date between ? and ?
2023-08-17 20:31:42,233 INFO com.modern.office.sns.SnsService [http-nio-9988-exec-1] Sending message Thanks, your response has been accepted. to +16469124975
2023-08-17 20:31:43,088 INFO com.modern.office.sns.SnsService [http-nio-9988-exec-1] b3e9c842-7322-5b4e-80bc-951acd0d61ea Message sent. Status is 200
2023-08-17 20:31:43,100 DEBUG org.springframework.web.servlet.mvc.method.annotation.AbstractMessageConverterMethodProcessor [http-nio-9988-exec-1] Using 'text/plain', given [*/*] and supported [text/plain, */*, text/plain, */*, application/json, application/*+json, application/json, application/*+json]
2023-08-17 20:31:43,102 DEBUG org.springframework.core.log.LogFormatUtils [http-nio-9988-exec-1] Writing ["ok"]
2023-08-17 20:31:43,113 DEBUG org.springframework.web.servlet.FrameworkServlet [http-nio-9988-exec-1] Completed 200 OK
2023-08-17 20:31:49,836 DEBUG org.springframework.core.log.LogFormatUtils [http-nio-9988-exec-2] POST "/reply", parameters={}
2023-08-17 20:31:49,840 DEBUG org.springframework.web.servlet.handler.AbstractHandlerMapping [http-nio-9988-exec-2] Mapped to com.modern.office.sns.SnsController#acceptReply(String)
2023-08-17 20:31:49,856 DEBUG org.springframework.core.log.LogFormatUtils [http-nio-9988-exec-2] Read "text/plain;charset=UTF-8" to ["{"originationNumber":"+16469124975","destinationNumber":"+18665085287","messageKeyword":"KEYWORD_622 (truncated)..."]
2023-08-17 20:31:49,857 INFO com.modern.office.sns.SnsController [http-nio-9988-exec-2] Received: {"originationNumber":"+16469124975","destinationNumber":"+18665085287","messageKeyword":"KEYWORD_622853243487","messageBody":"0","previousPublishedMessageId":"0039c058-314e-540a-aba5-9d0f4501cf2e","inboundMessageId":"60dfa795-9f71-4363-b9c9-6a304929b922"}
2023-08-17 20:31:49,858 INFO com.modern.office.sns.SnsService [http-nio-9988-exec-2] Updating appointment for phone +16469124975 with reply 0
2023-08-17 20:31:49,859 DEBUG org.hibernate.engine.jdbc.spi.SqlStatementLogger [http-nio-9988-exec-2] select appointmen0_.appt_no as appt_no1_1_, appointmen0_.appt_address as appt_add2_1_, appointmen0_.appt_cancel_ind as appt_can3_1_, appointmen0_.appt_color as appt_col4_1_, appointmen0_.appt_confirmed_ind as appt_con5_1_, appointmen0_.appt_date as appt_dat6_1_, appointmen0_.appt_dayofweek as appt_day7_1_, appointmen0_.appt_deleted_ind as appt_del8_1_, appointmen0_.appt_end_time as appt_end9_1_, appointmen0_.appt_left_msg_ind as appt_le10_1_, appointmen0_.appt_name as appt_na11_1_, appointmen0_.appt_new_pat_ind as appt_ne12_1_, appointmen0_.appt_no_answer_ind as appt_no13_1_, appointmen0_.appt_notes as appt_no14_1_, appointmen0_.appt_phone as appt_ph15_1_, appointmen0_.appt_show_ind as appt_sh16_1_, appointmen0_.appt_start_time as appt_st17_1_, appointmen0_.ins_no as ins_no18_1_, appointmen0_.locationid as locatio19_1_, appointmen0_.appt_om_no as appt_om20_1_, appointmen0_.pro_no as pro_no21_1_, appointmen0_.serv_no as serv_no22_1_ from appsch_appointment appointmen0_ where appointmen0_.appt_date between ? and ?
2023-08-17 20:31:49,861 INFO com.modern.office.sns.SnsService [http-nio-9988-exec-2] Sending message Thanks, your response has been accepted. to +16469124975
2023-08-17 20:31:50,017 INFO com.modern.office.sns.SnsService [http-nio-9988-exec-2] 4c6c5d10-2852-5fe5-a148-004896640675 Message sent. Status is 200
2023-08-17 20:31:50,018 DEBUG org.springframework.web.servlet.mvc.method.annotation.AbstractMessageConverterMethodProcessor [http-nio-9988-exec-2] Using 'text/plain', given [*/*] and supported [text/plain, */*, text/plain, */*, application/json, application/*+json, application/json, application/*+json]
2023-08-17 20:31:50,019 DEBUG org.springframework.core.log.LogFormatUtils [http-nio-9988-exec-2] Writing ["ok"]
2023-08-17 20:31:50,020 DEBUG org.springframework.web.servlet.FrameworkServlet [http-nio-9988-exec-2] Completed 200 OK
